
Showing logs for build [32mmeta-cb-kubecd-environment-pr-5-1[0m stage [32mmeta-pipeline[0m and container [32mstep-credential-initializer-pz5gj[0m
{"level":"warn","ts":1568127407.9383729,"logger":"fallback-logger","caller":"logging/config.go:69","msg":"Fetch GitHub commit ID from kodata failed: \"ref: refs/heads/master\" is not a valid GitHub commit ID"}
{"level":"info","ts":1568127407.9388528,"logger":"fallback-logger","caller":"creds-init/main.go:40","msg":"Credentials initialized."}

Showing logs for build [32mmeta-cb-kubecd-environment-pr-5-1[0m stage [32mmeta-pipeline[0m and container [32mstep-working-dir-initializer-nzj8p[0m
{"level":"warn","ts":1568127409.2829373,"logger":"fallback-logger","caller":"logging/config.go:69","msg":"Fetch GitHub commit ID from kodata failed: open /var/run/ko/HEAD: no such file or directory"}
{"level":"info","ts":1568127409.2885253,"logger":"fallback-logger","caller":"bash/main.go:65","msg":"Successfully executed command \"mkdir -p /workspace/source\""}

Showing logs for build [32mmeta-cb-kubecd-environment-pr-5-1[0m stage [32mmeta-pipeline[0m and container [32mstep-place-tools[0m

Showing logs for build [32mmeta-cb-kubecd-environment-pr-5-1[0m stage [32mmeta-pipeline[0m and container [32mstep-git-source-meta-cb-kubecd-environment-pr-5-qvv52[0m
{"level":"warn","ts":1568127414.305714,"logger":"fallback-logger","caller":"logging/config.go:69","msg":"Fetch GitHub commit ID from kodata failed: \"ref: refs/heads/master\" is not a valid GitHub commit ID"}
{"level":"info","ts":1568127415.3527317,"logger":"fallback-logger","caller":"git/git.go:102","msg":"Successfully cloned https://github.com/cb-kubecd/environment-pr-5411-20-tekton-gkebdd-staging.git @ 6d663042e9803c62a7d4193dee7f1c529526e803 in path /workspace/source"}

Showing logs for build [32mmeta-cb-kubecd-environment-pr-5-1[0m stage [32mmeta-pipeline[0m and container [32mstep-git-merge[0m
Using SHAs from PULL_REFS=master:6d663042e9803c62a7d4193dee7f1c529526e803,1:e74a9b229ec344e33b2ac2f7fee55fc55647b490
DEBUG: ran git fetch --unshallow origin e74a9b229ec344e33b2ac2f7fee55fc55647b490: 6d663042e9803c62a7d4193dee7f1c529526e803: in 
DEBUG: ran git checkout master in 
DEBUG: ran git reset --hard 6d663042e9803c62a7d4193dee7f1c529526e803 in 
DEBUG: ran clean --force -d . in 
DEBUG: ran git merge e74a9b229ec344e33b2ac2f7fee55fc55647b490 in 
Merged SHA e74a9b229ec344e33b2ac2f7fee55fc55647b490 with commit message 'chore: Promote bdd-spring-1568127163 to version 0.0.1' into base branch master

Showing logs for build [32mmeta-cb-kubecd-environment-pr-5-1[0m stage [32mmeta-pipeline[0m and container [32mstep-merge-pull-refs[0m
DEBUG: ran git fetch origin e74a9b229ec344e33b2ac2f7fee55fc55647b490: 6d663042e9803c62a7d4193dee7f1c529526e803: in 
DEBUG: Unshallowed git repo in 
DEBUG: ran git checkout master in 
DEBUG: ran git reset --hard 6d663042e9803c62a7d4193dee7f1c529526e803 in 
DEBUG: ran clean --force -d . in 
DEBUG: ran git merge e74a9b229ec344e33b2ac2f7fee55fc55647b490 in 
Merged SHA e74a9b229ec344e33b2ac2f7fee55fc55647b490 with commit message 'chore: Promote bdd-spring-1568127163 to version 0.0.1' into base branch master

Showing logs for build [32mmeta-cb-kubecd-environment-pr-5-1[0m stage [32mmeta-pipeline[0m and container [32mstep-create-effective-pipeline[0m
Deleting and cloning the Jenkins X versions repo
Cloning the Jenkins X versions repo https://github.com/jenkins-x/jenkins-x-versions.git with ref refs/heads/master to /builder/home/.**/jenkins-x-versions
selected pack: /builder/home/.**/draft/packs/github.com/jenkins-x-buildpacks/jenkins-x-kubernetes/packs/environment
Effective pipeline written to jenkins-x-promotion-build-effective.yml

Showing logs for build [32mmeta-cb-kubecd-environment-pr-5-1[0m stage [32mmeta-pipeline[0m and container [32mstep-create-tekton-crds[0m
PipelineActivity for cb-kubecd-environment-pr-5411-20-tekton-gkebdd-staging-PR-1-1
Applying changes 
upserted PipelineResource cb-kubecd-environment-pr-5411-2 for the git repository https://github.com/cb-kubecd/environment-pr-5411-20-tekton-gkebdd-staging.git
upserted Task cb-kubecd-environment-pr-5411-2-from-build-pack-1
upserted Pipeline cb-kubecd-environment-pr-5411-2-1
created PipelineRun cb-kubecd-environment-pr-5411-2-1
created PipelineStructure cb-kubecd-environment-pr-5411-2-1

waiting for stage [32mfrom-build-pack[0m : container [32mstep-credential-initializer-pdgss[0m to start...


Showing logs for build [32mmeta-cb-kubecd-environment-pr-5-1[0m stage [32mfrom-build-pack[0m and container [32mstep-credential-initializer-pdgss[0m
{"level":"warn","ts":1568127429.557905,"logger":"fallback-logger","caller":"logging/config.go:69","msg":"Fetch GitHub commit ID from kodata failed: \"ref: refs/heads/master\" is not a valid GitHub commit ID"}
{"level":"info","ts":1568127429.5588288,"logger":"fallback-logger","caller":"creds-init/main.go:40","msg":"Credentials initialized."}

waiting for stage [32mfrom-build-pack[0m : container [32mstep-working-dir-initializer-5b6hz[0m to start...


Showing logs for build [32mmeta-cb-kubecd-environment-pr-5-1[0m stage [32mfrom-build-pack[0m and container [32mstep-working-dir-initializer-5b6hz[0m
{"level":"warn","ts":1568127430.549095,"logger":"fallback-logger","caller":"logging/config.go:69","msg":"Fetch GitHub commit ID from kodata failed: open /var/run/ko/HEAD: no such file or directory"}
{"level":"info","ts":1568127430.5508366,"logger":"fallback-logger","caller":"bash/main.go:65","msg":"Successfully executed command \"mkdir -p /workspace/source /workspace/source/env\""}

waiting for stage [32mfrom-build-pack[0m : container [32mstep-place-tools[0m to start...


Showing logs for build [32mmeta-cb-kubecd-environment-pr-5-1[0m stage [32mfrom-build-pack[0m and container [32mstep-place-tools[0m

waiting for stage [32mfrom-build-pack[0m : container [32mstep-git-source-cb-kubecd-environment-pr-5411-2-nz4dv[0m to start...


Showing logs for build [32mmeta-cb-kubecd-environment-pr-5-1[0m stage [32mfrom-build-pack[0m and container [32mstep-git-source-cb-kubecd-environment-pr-5411-2-nz4dv[0m
{"level":"warn","ts":1568127498.8066077,"logger":"fallback-logger","caller":"logging/config.go:69","msg":"Fetch GitHub commit ID from kodata failed: \"ref: refs/heads/master\" is not a valid GitHub commit ID"}
{"level":"info","ts":1568127499.8732116,"logger":"fallback-logger","caller":"git/git.go:102","msg":"Successfully cloned https://github.com/cb-kubecd/environment-pr-5411-20-tekton-gkebdd-staging.git @ master in path /workspace/source"}

waiting for stage [32mfrom-build-pack[0m : container [32mstep-git-merge[0m to start...


Showing logs for build [32mmeta-cb-kubecd-environment-pr-5-1[0m stage [32mfrom-build-pack[0m and container [32mstep-git-merge[0m
Using SHAs from PULL_REFS=master:6d663042e9803c62a7d4193dee7f1c529526e803,1:e74a9b229ec344e33b2ac2f7fee55fc55647b490
DEBUG: ran git fetch origin e74a9b229ec344e33b2ac2f7fee55fc55647b490: 6d663042e9803c62a7d4193dee7f1c529526e803: in 
DEBUG: Unshallowed git repo in 
DEBUG: ran git checkout master in 
DEBUG: ran git reset --hard 6d663042e9803c62a7d4193dee7f1c529526e803 in 
DEBUG: ran clean --force -d . in 
DEBUG: ran git merge e74a9b229ec344e33b2ac2f7fee55fc55647b490 in 
Merged SHA e74a9b229ec344e33b2ac2f7fee55fc55647b490 with commit message 'chore: Promote bdd-spring-1568127163 to version 0.0.1' into base branch master

waiting for stage [32mfrom-build-pack[0m : container [32mstep-build-helm-build[0m to start...


Showing logs for build [32mmeta-cb-kubecd-environment-pr-5-1[0m stage [32mfrom-build-pack[0m and container [32mstep-build-helm-build[0m
WARNING: No $CHART_REPOSITORY defined so using the default value of: http://jenkins-x-chartmuseum:8080
Adding missing Helm repo: storage.googleapis.com https://storage.googleapis.com/chartmuseum.jenkins-x.io
Successfully added Helm repository storage.googleapis.com.
Adding missing Helm repo: jenkins-x-chartmuseum http://jenkins-x-chartmuseum:8080
Successfully added Helm repository jenkins-x-chartmuseum.
WARNING: No $CHART_REPOSITORY defined so using the default value of: http://jenkins-x-chartmuseum:8080
Adding missing Helm repo: chartmuseum.jenkins-x.io http://chartmuseum.jenkins-x.io
Successfully added Helm repository chartmuseum.jenkins-x.io.
