
Showing logs for build [32mmeta-cb-kubecd-environment-pr-5-sfhj4-2[0m stage [32mmeta-pipeline[0m and container [32mstep-credential-initializer-rdvvx[0m
{"level":"warn","ts":1568128114.738189,"logger":"fallback-logger","caller":"logging/config.go:69","msg":"Fetch GitHub commit ID from kodata failed: \"ref: refs/heads/master\" is not a valid GitHub commit ID"}
{"level":"info","ts":1568128114.739769,"logger":"fallback-logger","caller":"creds-init/main.go:40","msg":"Credentials initialized."}

Showing logs for build [32mmeta-cb-kubecd-environment-pr-5-sfhj4-2[0m stage [32mmeta-pipeline[0m and container [32mstep-working-dir-initializer-rkqn4[0m
{"level":"warn","ts":1568128115.722553,"logger":"fallback-logger","caller":"logging/config.go:69","msg":"Fetch GitHub commit ID from kodata failed: open /var/run/ko/HEAD: no such file or directory"}
{"level":"info","ts":1568128115.725857,"logger":"fallback-logger","caller":"bash/main.go:65","msg":"Successfully executed command \"mkdir -p /workspace/source\""}

Showing logs for build [32mmeta-cb-kubecd-environment-pr-5-sfhj4-2[0m stage [32mmeta-pipeline[0m and container [32mstep-place-tools[0m

Showing logs for build [32mmeta-cb-kubecd-environment-pr-5-sfhj4-2[0m stage [32mmeta-pipeline[0m and container [32mstep-git-source-meta-cb-kubecd-environment-pr-5-jrbcj[0m
{"level":"warn","ts":1568128122.8273754,"logger":"fallback-logger","caller":"logging/config.go:69","msg":"Fetch GitHub commit ID from kodata failed: \"ref: refs/heads/master\" is not a valid GitHub commit ID"}
{"level":"info","ts":1568128123.9032571,"logger":"fallback-logger","caller":"git/git.go:102","msg":"Successfully cloned https://github.com/cb-kubecd/environment-pr-5411-20-tekton-gkebdd-staging.git @ 744fbbb98104dc4fe825dcbbdfcea1c20ac6e9a1 in path /workspace/source"}

Showing logs for build [32mmeta-cb-kubecd-environment-pr-5-sfhj4-2[0m stage [32mmeta-pipeline[0m and container [32mstep-git-merge[0m
Using SHAs from PULL_REFS=master:744fbbb98104dc4fe825dcbbdfcea1c20ac6e9a1
WARNING: no SHAs to merge, falling back to initial cloned commit

Showing logs for build [32mmeta-cb-kubecd-environment-pr-5-sfhj4-2[0m stage [32mmeta-pipeline[0m and container [32mstep-merge-pull-refs[0m
SKIP merge-pull-refs: Nothing to merge

Showing logs for build [32mmeta-cb-kubecd-environment-pr-5-sfhj4-2[0m stage [32mmeta-pipeline[0m and container [32mstep-create-effective-pipeline[0m
Deleting and cloning the Jenkins X versions repo
Cloning the Jenkins X versions repo https://github.com/jenkins-x/jenkins-x-versions.git with ref refs/heads/master to /builder/home/.**/jenkins-x-versions
selected pack: /builder/home/.**/draft/packs/github.com/jenkins-x-buildpacks/jenkins-x-kubernetes/packs/environment
Effective pipeline written to jenkins-x-promotion-effective.yml

Showing logs for build [32mmeta-cb-kubecd-environment-pr-5-sfhj4-2[0m stage [32mmeta-pipeline[0m and container [32mstep-create-tekton-crds[0m
running command: ** step next-version --use-git-tag-only --tag
created new version: 0.0.2 and written to file: ./VERSION
Tag v0.0.2 created and pushed to remote origin

PipelineActivity for cb-kubecd-environment-pr-5411-20-tekton-gkebdd-staging-master-2
Applying changes 
upserted PipelineResource cb-kubecd-environment-pr-5411-2 for the git repository https://github.com/cb-kubecd/environment-pr-5411-20-tekton-gkebdd-staging.git
upserted Task cb-kubecd-environment-pr-5411-2-5bzl5-from-build-pack-2
upserted Pipeline cb-kubecd-environment-pr-5411-2-5bzl5-2
created PipelineRun cb-kubecd-environment-pr-5411-2-5bzl5-2
created PipelineStructure cb-kubecd-environment-pr-5411-2-5bzl5-2

Showing logs for build [32mmeta-cb-kubecd-environment-pr-5-sfhj4-2[0m stage [32mfrom-build-pack[0m and container [32mstep-credential-initializer-h4d67[0m
{"level":"warn","ts":1568128137.55577,"logger":"fallback-logger","caller":"logging/config.go:69","msg":"Fetch GitHub commit ID from kodata failed: \"ref: refs/heads/master\" is not a valid GitHub commit ID"}
{"level":"info","ts":1568128137.5574882,"logger":"fallback-logger","caller":"creds-init/main.go:40","msg":"Credentials initialized."}

Showing logs for build [32mmeta-cb-kubecd-environment-pr-5-sfhj4-2[0m stage [32mfrom-build-pack[0m and container [32mstep-working-dir-initializer-qs6cs[0m
{"level":"warn","ts":1568128138.513705,"logger":"fallback-logger","caller":"logging/config.go:69","msg":"Fetch GitHub commit ID from kodata failed: open /var/run/ko/HEAD: no such file or directory"}
{"level":"info","ts":1568128138.5178142,"logger":"fallback-logger","caller":"bash/main.go:65","msg":"Successfully executed command \"mkdir -p /workspace/source /workspace/source/env\""}

Showing logs for build [32mmeta-cb-kubecd-environment-pr-5-sfhj4-2[0m stage [32mfrom-build-pack[0m and container [32mstep-place-tools[0m

Showing logs for build [32mmeta-cb-kubecd-environment-pr-5-sfhj4-2[0m stage [32mfrom-build-pack[0m and container [32mstep-git-source-cb-kubecd-environment-pr-5411-2-zvrwq[0m
{"level":"warn","ts":1568128144.7923725,"logger":"fallback-logger","caller":"logging/config.go:69","msg":"Fetch GitHub commit ID from kodata failed: \"ref: refs/heads/master\" is not a valid GitHub commit ID"}
{"level":"info","ts":1568128145.950252,"logger":"fallback-logger","caller":"git/git.go:102","msg":"Successfully cloned https://github.com/cb-kubecd/environment-pr-5411-20-tekton-gkebdd-staging.git @ v0.0.2 in path /workspace/source"}

Showing logs for build [32mmeta-cb-kubecd-environment-pr-5-sfhj4-2[0m stage [32mfrom-build-pack[0m and container [32mstep-git-merge[0m
Using SHAs from PULL_REFS=master:744fbbb98104dc4fe825dcbbdfcea1c20ac6e9a1
WARNING: no SHAs to merge, falling back to initial cloned commit

Showing logs for build [32mmeta-cb-kubecd-environment-pr-5-sfhj4-2[0m stage [32mfrom-build-pack[0m and container [32mstep-setup-jx-git-credentials[0m
Generated Git credentials file /builder/home/git/credentials

Showing logs for build [32mmeta-cb-kubecd-environment-pr-5-sfhj4-2[0m stage [32mfrom-build-pack[0m and container [32mstep-build-helm-apply[0m
Modified file /workspace/source/env/Chart.yaml to set the chart to version 2
Copying the helm source directory /workspace/source/env to a temporary location for building and applying /tmp/**-helm-apply-647656567/env
Applying helm chart at /tmp/**-helm-apply-647656567/env as release name ** to namespace **-staging
verifying the helm requirements versions in dir: . using version stream URL:  and git ref: 
Deleting and cloning the Jenkins X versions repo
Cloning the Jenkins X versions repo https://github.com/jenkins-x/jenkins-x-versions.git with ref refs/heads/master to /builder/home/.**/jenkins-x-versions
Ignoring templates/.gitignore
Wrote chart values.yaml /tmp/**-helm-apply-647656567/env/values.yaml generated from directory tree
generated helm /tmp/**-helm-apply-647656567/env/values.yaml

PipelineSecrets: {}
cleanup:
  Annotations:
    helm.sh/hook: pre-delete
    helm.sh/hook-delete-policy: hook-succeeded
  Args:
  - --cleanup
controllerbuild:
  enabled: true
controllerworkflow:
  enabled: false
docker-registry:
  enabled: false
dockerRegistry: gcr.io
expose:
  Annotations:
    helm.sh/hook: post-install,post-upgrade
    helm.sh/hook-delete-policy: hook-succeeded
  Args:
  - --v
  - 4
  config:
    domain: 34.77.224.153.nip.io
    exposer: Ingress
    http: "true"
jenkins:
  Servers:
    Global:
      EnvVars:
        TILLER_NAMESPACE: kube-system
  enabled: false
prow: {}

Using values files: /tmp/**-helm-apply-647656567/env/values.yaml
WARNING: No $CHART_REPOSITORY defined so using the default value of: http://jenkins-x-chartmuseum:8080
Adding missing Helm repo: storage.googleapis.com https://storage.googleapis.com/chartmuseum.jenkins-x.io
Successfully added Helm repository storage.googleapis.com.
Adding missing Helm repo: jenkins-x-chartmuseum http://jenkins-x-chartmuseum:8080
Successfully added Helm repository jenkins-x-chartmuseum.
WARNING: No $CHART_REPOSITORY defined so using the default value of: http://jenkins-x-chartmuseum:8080
Adding missing Helm repo: chartmuseum.jenkins-x.io http://chartmuseum.jenkins-x.io
Successfully added Helm repository chartmuseum.jenkins-x.io.
Applying Apps chart overrides
Applying chart overrides


