
Showing logs for build [32mmeta-cb-kubecd-environment-pr-5-tsk8m-1[0m stage [32mmeta-pipeline[0m and container [32mstep-credential-initializer-hv2vn[0m
{"level":"warn","ts":1568128458.3177521,"logger":"fallback-logger","caller":"logging/config.go:69","msg":"Fetch GitHub commit ID from kodata failed: \"ref: refs/heads/master\" is not a valid GitHub commit ID"}
{"level":"info","ts":1568128458.318437,"logger":"fallback-logger","caller":"creds-init/main.go:40","msg":"Credentials initialized."}

Showing logs for build [32mmeta-cb-kubecd-environment-pr-5-tsk8m-1[0m stage [32mmeta-pipeline[0m and container [32mstep-working-dir-initializer-4s54d[0m
{"level":"warn","ts":1568128459.4165251,"logger":"fallback-logger","caller":"logging/config.go:69","msg":"Fetch GitHub commit ID from kodata failed: open /var/run/ko/HEAD: no such file or directory"}
{"level":"info","ts":1568128459.4188557,"logger":"fallback-logger","caller":"bash/main.go:65","msg":"Successfully executed command \"mkdir -p /workspace/source\""}

Showing logs for build [32mmeta-cb-kubecd-environment-pr-5-tsk8m-1[0m stage [32mmeta-pipeline[0m and container [32mstep-place-tools[0m

Showing logs for build [32mmeta-cb-kubecd-environment-pr-5-tsk8m-1[0m stage [32mmeta-pipeline[0m and container [32mstep-git-source-meta-cb-kubecd-environment-pr-5-rslmq[0m
{"level":"warn","ts":1568128465.4725406,"logger":"fallback-logger","caller":"logging/config.go:69","msg":"Fetch GitHub commit ID from kodata failed: \"ref: refs/heads/master\" is not a valid GitHub commit ID"}
{"level":"info","ts":1568128466.6616955,"logger":"fallback-logger","caller":"git/git.go:102","msg":"Successfully cloned https://github.com/cb-kubecd/environment-pr-5411-20-tekton-gkebdd-staging.git @ 744fbbb98104dc4fe825dcbbdfcea1c20ac6e9a1 in path /workspace/source"}

Showing logs for build [32mmeta-cb-kubecd-environment-pr-5-tsk8m-1[0m stage [32mmeta-pipeline[0m and container [32mstep-git-merge[0m
Using SHAs from PULL_REFS=master:744fbbb98104dc4fe825dcbbdfcea1c20ac6e9a1,3:4ccfbf5fa6ddf3ba28c3bec71bf9364194d270d6
DEBUG: ran git fetch --unshallow origin 4ccfbf5fa6ddf3ba28c3bec71bf9364194d270d6: 744fbbb98104dc4fe825dcbbdfcea1c20ac6e9a1: in 
DEBUG: ran git checkout master in 
DEBUG: ran git reset --hard 744fbbb98104dc4fe825dcbbdfcea1c20ac6e9a1 in 
DEBUG: ran clean --force -d . in 
DEBUG: ran git merge 4ccfbf5fa6ddf3ba28c3bec71bf9364194d270d6 in 
Merged SHA 4ccfbf5fa6ddf3ba28c3bec71bf9364194d270d6 with commit message 'chore: Promote bdd-ghf**y-import-1568128339 to version 0.0.1' into base branch master

Showing logs for build [32mmeta-cb-kubecd-environment-pr-5-tsk8m-1[0m stage [32mmeta-pipeline[0m and container [32mstep-merge-pull-refs[0m
DEBUG: ran git fetch origin 4ccfbf5fa6ddf3ba28c3bec71bf9364194d270d6: 744fbbb98104dc4fe825dcbbdfcea1c20ac6e9a1: in 
DEBUG: Unshallowed git repo in 
DEBUG: ran git checkout master in 
DEBUG: ran git reset --hard 744fbbb98104dc4fe825dcbbdfcea1c20ac6e9a1 in 
DEBUG: ran clean --force -d . in 
DEBUG: ran git merge 4ccfbf5fa6ddf3ba28c3bec71bf9364194d270d6 in 
Merged SHA 4ccfbf5fa6ddf3ba28c3bec71bf9364194d270d6 with commit message 'chore: Promote bdd-ghf**y-import-1568128339 to version 0.0.1' into base branch master

Showing logs for build [32mmeta-cb-kubecd-environment-pr-5-tsk8m-1[0m stage [32mmeta-pipeline[0m and container [32mstep-create-effective-pipeline[0m
Deleting and cloning the Jenkins X versions repo
Cloning the Jenkins X versions repo https://github.com/jenkins-x/jenkins-x-versions.git with ref refs/heads/master to /builder/home/.**/jenkins-x-versions
selected pack: /builder/home/.**/draft/packs/github.com/jenkins-x-buildpacks/jenkins-x-kubernetes/packs/environment
Effective pipeline written to jenkins-x-promotion-build-effective.yml

Showing logs for build [32mmeta-cb-kubecd-environment-pr-5-tsk8m-1[0m stage [32mmeta-pipeline[0m and container [32mstep-create-tekton-crds[0m
PipelineActivity for cb-kubecd-environment-pr-5411-20-tekton-gkebdd-staging-PR-3-1
Applying changes 
upserted PipelineResource cb-kubecd-environment-pr-5411-2 for the git repository https://github.com/cb-kubecd/environment-pr-5411-20-tekton-gkebdd-staging.git
upserted Task cb-kubecd-environment-pr-5411-2-d94tb-from-build-pack-1
upserted Pipeline cb-kubecd-environment-pr-5411-2-d94tb-1
created PipelineRun cb-kubecd-environment-pr-5411-2-d94tb-1
created PipelineStructure cb-kubecd-environment-pr-5411-2-d94tb-1

Showing logs for build [32mmeta-cb-kubecd-environment-pr-5-tsk8m-1[0m stage [32mfrom-build-pack[0m and container [32mstep-credential-initializer-6zk4b[0m
{"level":"warn","ts":1568128479.178306,"logger":"fallback-logger","caller":"logging/config.go:69","msg":"Fetch GitHub commit ID from kodata failed: \"ref: refs/heads/master\" is not a valid GitHub commit ID"}
{"level":"info","ts":1568128479.1791792,"logger":"fallback-logger","caller":"creds-init/main.go:40","msg":"Credentials initialized."}

Showing logs for build [32mmeta-cb-kubecd-environment-pr-5-tsk8m-1[0m stage [32mfrom-build-pack[0m and container [32mstep-working-dir-initializer-hmkfx[0m
{"level":"warn","ts":1568128480.2562976,"logger":"fallback-logger","caller":"logging/config.go:69","msg":"Fetch GitHub commit ID from kodata failed: open /var/run/ko/HEAD: no such file or directory"}
{"level":"info","ts":1568128480.260275,"logger":"fallback-logger","caller":"bash/main.go:65","msg":"Successfully executed command \"mkdir -p /workspace/source /workspace/source/env\""}

Showing logs for build [32mmeta-cb-kubecd-environment-pr-5-tsk8m-1[0m stage [32mfrom-build-pack[0m and container [32mstep-place-tools[0m

Showing logs for build [32mmeta-cb-kubecd-environment-pr-5-tsk8m-1[0m stage [32mfrom-build-pack[0m and container [32mstep-git-source-cb-kubecd-environment-pr-5411-2-t5rhs[0m
{"level":"warn","ts":1568128484.3475795,"logger":"fallback-logger","caller":"logging/config.go:69","msg":"Fetch GitHub commit ID from kodata failed: \"ref: refs/heads/master\" is not a valid GitHub commit ID"}
{"level":"info","ts":1568128485.4302454,"logger":"fallback-logger","caller":"git/git.go:102","msg":"Successfully cloned https://github.com/cb-kubecd/environment-pr-5411-20-tekton-gkebdd-staging.git @ master in path /workspace/source"}

Showing logs for build [32mmeta-cb-kubecd-environment-pr-5-tsk8m-1[0m stage [32mfrom-build-pack[0m and container [32mstep-git-merge[0m
Using SHAs from PULL_REFS=master:744fbbb98104dc4fe825dcbbdfcea1c20ac6e9a1,3:4ccfbf5fa6ddf3ba28c3bec71bf9364194d270d6
DEBUG: ran git fetch --unshallow origin 4ccfbf5fa6ddf3ba28c3bec71bf9364194d270d6: 744fbbb98104dc4fe825dcbbdfcea1c20ac6e9a1: in 
DEBUG: ran git checkout master in 
DEBUG: ran git reset --hard 744fbbb98104dc4fe825dcbbdfcea1c20ac6e9a1 in 
DEBUG: ran clean --force -d . in 
DEBUG: ran git merge 4ccfbf5fa6ddf3ba28c3bec71bf9364194d270d6 in 
Merged SHA 4ccfbf5fa6ddf3ba28c3bec71bf9364194d270d6 with commit message 'chore: Promote bdd-ghf**y-import-1568128339 to version 0.0.1' into base branch master

Showing logs for build [32mmeta-cb-kubecd-environment-pr-5-tsk8m-1[0m stage [32mfrom-build-pack[0m and container [32mstep-build-helm-build[0m
WARNING: No $CHART_REPOSITORY defined so using the default value of: http://jenkins-x-chartmuseum:8080
Adding missing Helm repo: storage.googleapis.com https://storage.googleapis.com/chartmuseum.jenkins-x.io
Successfully added Helm repository storage.googleapis.com.
Adding missing Helm repo: jenkins-x-chartmuseum http://jenkins-x-chartmuseum:8080
Successfully added Helm repository jenkins-x-chartmuseum.
WARNING: No $CHART_REPOSITORY defined so using the default value of: http://jenkins-x-chartmuseum:8080
Adding missing Helm repo: chartmuseum.jenkins-x.io http://chartmuseum.jenkins-x.io
Successfully added Helm repository chartmuseum.jenkins-x.io.
