
Showing logs for build [32mmeta-cb-kubecd-environment-pr-5-mj7jw-1[0m stage [32mmeta-pipeline[0m and container [32mstep-credential-initializer-69fg8[0m
{"level":"warn","ts":1568128083.9704907,"logger":"fallback-logger","caller":"logging/config.go:69","msg":"Fetch GitHub commit ID from kodata failed: \"ref: refs/heads/master\" is not a valid GitHub commit ID"}
{"level":"info","ts":1568128083.9710083,"logger":"fallback-logger","caller":"creds-init/main.go:40","msg":"Credentials initialized."}

Showing logs for build [32mmeta-cb-kubecd-environment-pr-5-mj7jw-1[0m stage [32mmeta-pipeline[0m and container [32mstep-working-dir-initializer-t5pr7[0m
{"level":"warn","ts":1568128085.3572454,"logger":"fallback-logger","caller":"logging/config.go:69","msg":"Fetch GitHub commit ID from kodata failed: open /var/run/ko/HEAD: no such file or directory"}
{"level":"info","ts":1568128085.3612268,"logger":"fallback-logger","caller":"bash/main.go:65","msg":"Successfully executed command \"mkdir -p /workspace/source\""}

Showing logs for build [32mmeta-cb-kubecd-environment-pr-5-mj7jw-1[0m stage [32mmeta-pipeline[0m and container [32mstep-place-tools[0m

Showing logs for build [32mmeta-cb-kubecd-environment-pr-5-mj7jw-1[0m stage [32mmeta-pipeline[0m and container [32mstep-git-source-meta-cb-kubecd-environment-pr-5-2hzmt[0m
{"level":"warn","ts":1568128091.3870587,"logger":"fallback-logger","caller":"logging/config.go:69","msg":"Fetch GitHub commit ID from kodata failed: \"ref: refs/heads/master\" is not a valid GitHub commit ID"}
{"level":"info","ts":1568128092.4704192,"logger":"fallback-logger","caller":"git/git.go:102","msg":"Successfully cloned https://github.com/cb-kubecd/environment-pr-5411-20-tekton-gkebdd-staging.git @ 4f0b98da4a2c2b8fadec2566c3514ceff4b4d03d in path /workspace/source"}

Showing logs for build [32mmeta-cb-kubecd-environment-pr-5-mj7jw-1[0m stage [32mmeta-pipeline[0m and container [32mstep-git-merge[0m
Using SHAs from PULL_REFS=master:4f0b98da4a2c2b8fadec2566c3514ceff4b4d03d,2:c9c9b6e3a67a23e9e6867c7ff5d618cb5e9f8776
DEBUG: ran git fetch --unshallow origin c9c9b6e3a67a23e9e6867c7ff5d618cb5e9f8776: 4f0b98da4a2c2b8fadec2566c3514ceff4b4d03d: in 
DEBUG: ran git checkout master in 
DEBUG: ran git reset --hard 4f0b98da4a2c2b8fadec2566c3514ceff4b4d03d in 
DEBUG: ran clean --force -d . in 
DEBUG: ran git merge c9c9b6e3a67a23e9e6867c7ff5d618cb5e9f8776 in 
Merged SHA c9c9b6e3a67a23e9e6867c7ff5d618cb5e9f8776 with commit message 'chore: Promote bdd-gh-1568127982 to version 0.0.1' into base branch master

Showing logs for build [32mmeta-cb-kubecd-environment-pr-5-mj7jw-1[0m stage [32mmeta-pipeline[0m and container [32mstep-merge-pull-refs[0m
DEBUG: ran git fetch origin c9c9b6e3a67a23e9e6867c7ff5d618cb5e9f8776: 4f0b98da4a2c2b8fadec2566c3514ceff4b4d03d: in 
DEBUG: Unshallowed git repo in 
DEBUG: ran git checkout master in 
DEBUG: ran git reset --hard 4f0b98da4a2c2b8fadec2566c3514ceff4b4d03d in 
DEBUG: ran clean --force -d . in 
DEBUG: ran git merge c9c9b6e3a67a23e9e6867c7ff5d618cb5e9f8776 in 
Merged SHA c9c9b6e3a67a23e9e6867c7ff5d618cb5e9f8776 with commit message 'chore: Promote bdd-gh-1568127982 to version 0.0.1' into base branch master

Showing logs for build [32mmeta-cb-kubecd-environment-pr-5-mj7jw-1[0m stage [32mmeta-pipeline[0m and container [32mstep-create-effective-pipeline[0m
Deleting and cloning the Jenkins X versions repo
Cloning the Jenkins X versions repo https://github.com/jenkins-x/jenkins-x-versions.git with ref refs/heads/master to /builder/home/.**/jenkins-x-versions
selected pack: /builder/home/.**/draft/packs/github.com/jenkins-x-buildpacks/jenkins-x-kubernetes/packs/environment
Effective pipeline written to jenkins-x-promotion-build-effective.yml

Showing logs for build [32mmeta-cb-kubecd-environment-pr-5-mj7jw-1[0m stage [32mmeta-pipeline[0m and container [32mstep-create-tekton-crds[0m
PipelineActivity for cb-kubecd-environment-pr-5411-20-tekton-gkebdd-staging-PR-2-1
Applying changes 
upserted PipelineResource cb-kubecd-environment-pr-5411-2 for the git repository https://github.com/cb-kubecd/environment-pr-5411-20-tekton-gkebdd-staging.git
upserted Task cb-kubecd-environment-pr-5411-2-99gdw-from-build-pack-1
upserted Pipeline cb-kubecd-environment-pr-5411-2-99gdw-1
created PipelineRun cb-kubecd-environment-pr-5411-2-99gdw-1
created PipelineStructure cb-kubecd-environment-pr-5411-2-99gdw-1

waiting for stage [32mfrom-build-pack[0m : container [32mstep-credential-initializer-nwcts[0m to start...


Showing logs for build [32mmeta-cb-kubecd-environment-pr-5-mj7jw-1[0m stage [32mfrom-build-pack[0m and container [32mstep-credential-initializer-nwcts[0m
{"level":"warn","ts":1568128107.265434,"logger":"fallback-logger","caller":"logging/config.go:69","msg":"Fetch GitHub commit ID from kodata failed: \"ref: refs/heads/master\" is not a valid GitHub commit ID"}
{"level":"info","ts":1568128107.266359,"logger":"fallback-logger","caller":"creds-init/main.go:40","msg":"Credentials initialized."}

waiting for stage [32mfrom-build-pack[0m : container [32mstep-working-dir-initializer-9svkt[0m to start...


Showing logs for build [32mmeta-cb-kubecd-environment-pr-5-mj7jw-1[0m stage [32mfrom-build-pack[0m and container [32mstep-working-dir-initializer-9svkt[0m
{"level":"warn","ts":1568128108.6151547,"logger":"fallback-logger","caller":"logging/config.go:69","msg":"Fetch GitHub commit ID from kodata failed: open /var/run/ko/HEAD: no such file or directory"}
{"level":"info","ts":1568128108.6172335,"logger":"fallback-logger","caller":"bash/main.go:65","msg":"Successfully executed command \"mkdir -p /workspace/source /workspace/source/env\""}

waiting for stage [32mfrom-build-pack[0m : container [32mstep-place-tools[0m to start...


Showing logs for build [32mmeta-cb-kubecd-environment-pr-5-mj7jw-1[0m stage [32mfrom-build-pack[0m and container [32mstep-place-tools[0m

waiting for stage [32mfrom-build-pack[0m : container [32mstep-git-source-cb-kubecd-environment-pr-5411-2-97f78[0m to start...


Showing logs for build [32mmeta-cb-kubecd-environment-pr-5-mj7jw-1[0m stage [32mfrom-build-pack[0m and container [32mstep-git-source-cb-kubecd-environment-pr-5411-2-97f78[0m
{"level":"warn","ts":1568128113.813011,"logger":"fallback-logger","caller":"logging/config.go:69","msg":"Fetch GitHub commit ID from kodata failed: \"ref: refs/heads/master\" is not a valid GitHub commit ID"}
{"level":"info","ts":1568128114.8715055,"logger":"fallback-logger","caller":"git/git.go:102","msg":"Successfully cloned https://github.com/cb-kubecd/environment-pr-5411-20-tekton-gkebdd-staging.git @ master in path /workspace/source"}

waiting for stage [32mfrom-build-pack[0m : container [32mstep-git-merge[0m to start...


Showing logs for build [32mmeta-cb-kubecd-environment-pr-5-mj7jw-1[0m stage [32mfrom-build-pack[0m and container [32mstep-git-merge[0m
Using SHAs from PULL_REFS=master:4f0b98da4a2c2b8fadec2566c3514ceff4b4d03d,2:c9c9b6e3a67a23e9e6867c7ff5d618cb5e9f8776
DEBUG: ran git fetch origin c9c9b6e3a67a23e9e6867c7ff5d618cb5e9f8776: 4f0b98da4a2c2b8fadec2566c3514ceff4b4d03d: in 
DEBUG: Unshallowed git repo in 
DEBUG: ran git checkout master in 
DEBUG: ran git reset --hard 4f0b98da4a2c2b8fadec2566c3514ceff4b4d03d in 
DEBUG: ran clean --force -d . in 
DEBUG: ran git merge c9c9b6e3a67a23e9e6867c7ff5d618cb5e9f8776 in 
Merged SHA c9c9b6e3a67a23e9e6867c7ff5d618cb5e9f8776 with commit message 'chore: Promote bdd-gh-1568127982 to version 0.0.1' into base branch master

waiting for stage [32mfrom-build-pack[0m : container [32mstep-build-helm-build[0m to start...


Showing logs for build [32mmeta-cb-kubecd-environment-pr-5-mj7jw-1[0m stage [32mfrom-build-pack[0m and container [32mstep-build-helm-build[0m
WARNING: No $CHART_REPOSITORY defined so using the default value of: http://jenkins-x-chartmuseum:8080
Adding missing Helm repo: storage.googleapis.com https://storage.googleapis.com/chartmuseum.jenkins-x.io
Successfully added Helm repository storage.googleapis.com.
Adding missing Helm repo: jenkins-x-chartmuseum http://jenkins-x-chartmuseum:8080
Successfully added Helm repository jenkins-x-chartmuseum.
WARNING: No $CHART_REPOSITORY defined so using the default value of: http://jenkins-x-chartmuseum:8080
Adding missing Helm repo: chartmuseum.jenkins-x.io http://chartmuseum.jenkins-x.io
Successfully added Helm repository chartmuseum.jenkins-x.io.
